build/app/outputs/mapping/release/seeds.txt
com.example.smartpatch_connector_app.MainActivity
com.example.smartpatch_connector_app.MainActivity: MainActivity()
...
androidx.appcompat.widget.ActionMenuPresenter$OverflowPopup: void onDismiss()
androidx.appcompat.widget.ToolbarWidgetWrapper: boolean showOverflowMenu()
io.flutter.embedding.android.FlutterTextureView$1: void onSurfaceTextureUpdated(android.graphics.SurfaceTexture)
androidx.vectordrawable.graphics.drawable.VectorDrawableCompat$VGroup: float getPivotX()
com.google.zxing.oned.rss.expanded.decoders.FieldParser: java.lang.String parseFieldsInGeneralPurpose(java.lang.String)
com.google.zxing.qrcode.detector.FinderPatternFinder: FinderPatternFinder(com.google.zxing.common.BitMatrix,com.google.zxing.ResultPointCallback)
com.google.zxing.datamatrix.decoder.Version: int getDataRegionSizeRows()
androidx.appcompat.widget.Toolbar: void onRtlPropertiesChanged(int)
io.flutter.embedding.engine.systemchannels.MouseCursorChannel$1: void onMethodCall(io.flutter.plugin.common.MethodCall,io.flutter.plugin.common.MethodChannel$Result)
io.flutter.embedding.engine.systemchannels.PlatformChannel: void systemChromeChanged(boolean)
androidx.appcompat.widget.AppCompatImageButton: void setImageResource(int)
androidx.appcompat.view.menu.MenuBuilder: void flagActionItems()
androidx.appcompat.widget.TintTypedArray: android.graphics.drawable.Drawable getDrawable(int)
androidx.appcompat.graphics.drawable.AnimatedStateListDrawableCompat: int getChangingConfigurations()
net.touchcapture.qr.flutterqr.Shared: void setActivity(android.app.Activity)
io.flutter.plugin.mouse.MouseCursorPlugin$1: void activateSystemCursor(java.lang.String)
com.google.zxing.oned.rss.expanded.decoders.GeneralAppIdDecoder: com.google.zxing.oned.rss.expanded.decoders.DecodedChar decodeAlphanumeric(int)
androidx.fragment.app.Fragment: android.view.LayoutInflater performGetLayoutInflater(android.os.Bundle)
io.flutter.embedding.engine.loader.FlutterLoader$InitResult: FlutterLoader$InitResult(java.lang.String,java.lang.String,java.lang.String,io.flutter.embedding.engine.loader.FlutterLoader$1)
androidx.appcompat.view.StandaloneActionMode: void onMenuModeChange(androidx.appcompat.view.menu.MenuBuilder)
androidx.appcompat.widget.AbsActionBarView: AbsActionBarView(android.content.Context,android.util.AttributeSet)
androidx.appcompat.app.AlertController$AlertParams$2: android.view.View newView(android.content.Context,android.database.Cursor,android.view.ViewGroup)
androidx.fragment.app.FragmentManagerImpl: void addRetainedFragment(androidx.fragment.app.Fragment)
androidx.fragment.app.FragmentTransitionCompat21: void setEpicenter(java.lang.Object,android.graphics.Rect)
com.google.zxing.qrcode.decoder.DecodedBitStreamParser: void decodeHanziSegment(com.google.zxing.common.BitSource,java.lang.StringBuilder,int)
androidx.appcompat.widget.MenuPopupWindow$MenuDropDownListView: boolean isFocused()
io.flutter.plugin.editing.TextInputPlugin: boolean composingChanged(io.flutter.embedding.engine.systemchannels.TextInputChannel$TextEditState,io.flutter.embedding.engine.systemchannels.TextInputChannel$TextEditState)
androidx.appcompat.graphics.drawable.DrawableContainer$1: DrawableContainer$1(androidx.appcompat.graphics.drawable.DrawableContainer)
com.google.zxing.datamatrix.decoder.BitMatrixParser: com.google.zxing.common.BitMatrix extractDataRegion(com.google.zxing.common.BitMatrix)
androidx.appcompat.widget.LinearLayoutCompat: void forceUniformWidth(int,int)
com.google.zxing.client.android.InactivityTimer: android.os.Handler access$100(com.google.zxing.client.android.InactivityTimer)
com.google.zxing.pdf417.decoder.DetectionResultRowIndicatorColumn: void setRowNumbers()
com.google.zxing.Result: Result(java.lang.String,byte[],com.google.zxing.ResultPoint[],com.google.zxing.BarcodeFormat,long)
io.flutter.plugin.platform.PlatformViewsController: void lockInputConnection(io.flutter.plugin.platform.VirtualDisplayController)
androidx.core.graphics.drawable.WrappedDrawableApi14: int getIntrinsicWidth()
androidx.appcompat.view.menu.BaseMenuPresenter: void updateMenuView(boolean)