build/app/outputs/mapping/release/mapping.txt
# compiler: R8
# compiler_version: 2.2.64
# min_api: 20
# pg_map_id: 065b02f
# common_typos_disable
...
androidx.appcompat.widget.ActionBarOverlayLayout$3 -> androidx.appcompat.widget.ActionBarOverlayLayout$c:
    androidx.appcompat.widget.ActionBarOverlayLayout this$0 -> b
androidx.appcompat.widget.ActionBarOverlayLayout$ActionBarVisibilityCallback -> androidx.appcompat.widget.ActionBarOverlayLayout$d:
    void enableContentAnimations(boolean) -> a
    void showForSystem() -> b
    void onContentScrollStarted() -> c
    void onWindowVisibilityChanged(int) -> d
    void hideForSystem() -> e
    void onContentScrollStopped() -> f
androidx.appcompat.widget.ActionBarOverlayLayout$LayoutParams -> androidx.appcompat.widget.ActionBarOverlayLayout$e:
androidx.appcompat.widget.ActionMenuPresenter -> androidx.appcompat.widget.c:
    boolean mPendingOverflowIconSet -> n
    boolean mReserveOverflow -> o
    boolean mReserveOverflowSet -> p
    boolean mStrictWidthLimit -> u
    android.util.SparseBooleanArray mActionButtonGroups -> y
    androidx.appcompat.widget.ActionMenuPresenter$OverflowMenuButton mOverflowButton -> l
    boolean mWidthLimitSet -> v
    boolean mExpandedActionViewsExclusive -> w
    androidx.appcompat.widget.ActionMenuPresenter$PopupPresenterCallback mPopupPresenterCallback -> D
    int mOpenSubMenuId -> E
    androidx.appcompat.widget.ActionMenuPresenter$OverflowPopup mOverflowPopup -> z
    androidx.appcompat.widget.ActionMenuPresenter$ActionMenuPopupCallback mPopupCallback -> C
    boolean mMaxItemsSet -> t
    androidx.appcompat.widget.ActionMenuPresenter$ActionButtonSubmenu mActionButtonPopup -> A
    int mMinCellSize -> x
    android.graphics.drawable.Drawable mPendingOverflowIcon -> m
    int mActionItemWidthLimit -> r
    androidx.appcompat.widget.ActionMenuPresenter$OpenOverflowRunnable mPostedOpenRunnable -> B
    int mMaxItems -> s
    int mWidthLimit -> q
    android.graphics.drawable.Drawable getOverflowIcon() -> A
    boolean hideOverflowMenu() -> B
    boolean hideSubMenus() -> C
    boolean isOverflowMenuShowPending() -> D
    boolean isOverflowMenuShowing() -> E
    void onConfigurationChanged(android.content.res.Configuration) -> F
    void setExpandedActionViewsExclusive(boolean) -> G
androidx.appcompat.widget.ActionMenuPresenter$ActionButtonSubmenu -> androidx.appcompat.widget.c$a:
    androidx.appcompat.widget.ActionMenuPresenter this$0 -> m
    void onDismiss() -> e
androidx.appcompat.widget.ActionMenuPresenter$ActionMenuPopupCallback -> androidx.appcompat.widget.c$b:
    androidx.appcompat.widget.ActionMenuPresenter this$0 -> a
    androidx.appcompat.view.menu.ShowableListMenu getPopup() -> a
androidx.appcompat.widget.ActionMenuPresenter$OpenOverflowRunnable -> androidx.appcompat.widget.c$c:
    androidx.appcompat.widget.ActionMenuPresenter$OverflowPopup mPopup -> b
    androidx.appcompat.widget.ActionMenuPresenter this$0 -> c
androidx.appcompat.widget.ActionMenuPresenter$OverflowMenuButton -> androidx.appcompat.widget.c$d:
    androidx.appcompat.widget.ActionMenuPresenter this$0 -> d
    boolean needsDividerAfter() -> a
    boolean needsDividerBefore() -> b
androidx.appcompat.widget.ActionMenuPresenter$OverflowMenuButton$1 -> androidx.appcompat.widget.c$d$a:
    androidx.appcompat.widget.ActionMenuPresenter$OverflowMenuButton this$1 -> l
    androidx.appcompat.widget.ActionMenuPresenter val$this$0 -> k
    androidx.appcompat.view.menu.ShowableListMenu getPopup() -> b
    boolean onForwardingStarted() -> c
    boolean onForwardingStopped() -> d
androidx.appcompat.widget.ActionMenuPresenter$OverflowPopup -> androidx.appcompat.widget.c$e:
    androidx.appcompat.widget.ActionMenuPresenter this$0 -> m
    void onDismiss() -> e
androidx.appcompat.widget.ActionMenuPresenter$PopupPresenterCallback -> androidx.appcompat.widget.c$f:
    androidx.appcompat.widget.ActionMenuPresenter this$0 -> b
    void onCloseMenu(androidx.appcompat.view.menu.MenuBuilder,boolean) -> b
    boolean onOpenSubMenu(androidx.appcompat.view.menu.MenuBuilder) -> c