build/app/outputs/mapping/release/usage.txt
com.example.smartpatch_connector_app.BuildConfig
com.example.smartpatch_connector_app.R$anim
com.example.smartpatch_connector_app.R$attr
com.example.smartpatch_connector_app.R$bool
com.example.smartpatch_connector_app.R$color
com.example.smartpatch_connector_app.R$dimen
com.example.smartpatch_connector_app.R$drawable
com.example.smartpatch_connector_app.R$id
com.example.smartpatch_connector_app.R$integer
com.example.smartpatch_connector_app.R$interpolator
com.example.smartpatch_connector_app.R$layout
com.example.smartpatch_connector_app.R$mipmap
com.example.smartpatch_connector_app.R$raw
com.example.smartpatch_connector_app.R$string
com.example.smartpatch_connector_app.R$style
com.example.smartpatch_connector_app.R$styleable
com.example.smartpatch_connector_app.R
...
androidx.core.view.DragStartHelper$2
androidx.core.view.DragStartHelper$OnDragStartListener
androidx.core.view.DragStartHelper
androidx.core.view.GestureDetectorCompat$GestureDetectorCompatImpl
androidx.core.view.GestureDetectorCompat$GestureDetectorCompatImplBase$GestureHandler
androidx.core.view.GestureDetectorCompat$GestureDetectorCompatImplBase
androidx.core.view.GestureDetectorCompat$GestureDetectorCompatImplJellybeanMr2
androidx.core.view.GestureDetectorCompat
androidx.core.view.GravityCompat:
    public static final int END
    public static final int RELATIVE_HORIZONTAL_GRAVITY_MASK
    public static final int RELATIVE_LAYOUT_DIRECTION
    public static final int START
    private void <init>()
    public static void apply(int,int,int,android.graphics.Rect,int,int,android.graphics.Rect,int)
    public static void apply(int,int,int,android.graphics.Rect,android.graphics.Rect,int)
    public static void applyDisplay(int,android.graphics.Rect,android.graphics.Rect,int)
androidx.core.view.InputDeviceCompat
androidx.core.view.KeyEventDispatcher:
    private void <init>()
androidx.core.view.LayoutInflaterCompat$Factory2Wrapper
androidx.core.view.LayoutInflaterCompat:
    private static final java.lang.String TAG
    private void <init>()
    public static androidx.core.view.LayoutInflaterFactory getFactory(android.view.LayoutInflater)
    public static void setFactory(android.view.LayoutInflater,androidx.core.view.LayoutInflaterFactory)
androidx.core.view.LayoutInflaterFactory
androidx.core.view.MarginLayoutParamsCompat:
    private void <init>()
    public static int getLayoutDirection(android.view.ViewGroup$MarginLayoutParams)
    public static boolean isMarginRelative(android.view.ViewGroup$MarginLayoutParams)
    public static void resolveLayoutDirection(android.view.ViewGroup$MarginLayoutParams,int)
    public static void setLayoutDirection(android.view.ViewGroup$MarginLayoutParams,int)
    public static void setMarginEnd(android.view.ViewGroup$MarginLayoutParams,int)
    public static void setMarginStart(android.view.ViewGroup$MarginLayoutParams,int)
androidx.core.view.MenuCompat
androidx.core.view.MenuItemCompat$1
androidx.core.view.MenuItemCompat$OnActionExpandListener
androidx.core.view.MenuItemCompat:
    public static final int SHOW_AS_ACTION_ALWAYS
    public static final int SHOW_AS_ACTION_COLLAPSE_ACTION_VIEW
    public static final int SHOW_AS_ACTION_IF_ROOM
    public static final int SHOW_AS_ACTION_NEVER
    public static final int SHOW_AS_ACTION_WITH_TEXT
    private static final java.lang.String TAG
    private void <init>()
    public static boolean collapseActionView(android.view.MenuItem)
    public static boolean expandActionView(android.view.MenuItem)
    public static androidx.core.view.ActionProvider getActionProvider(android.view.MenuItem)
    public static android.view.View getActionView(android.view.MenuItem)
    public static int getAlphabeticModifiers(android.view.MenuItem)
    public static java.lang.CharSequence getContentDescription(android.view.MenuItem)
    public static android.content.res.ColorStateList getIconTintList(android.view.MenuItem)
    public static android.graphics.PorterDuff$Mode getIconTintMode(android.view.MenuItem)
    public static int getNumericModifiers(android.view.MenuItem)
    public static java.lang.CharSequence getTooltipText(android.view.MenuItem)
    public static boolean isActionViewExpanded(android.view.MenuItem)
    public static android.view.MenuItem setActionView(android.view.MenuItem,int)
    public static android.view.MenuItem setActionView(android.view.MenuItem,android.view.View)
androidx.core.view.MotionEventCompat
androidx.core.view.NestedScrollingChild2
androidx.core.view.NestedScrollingChild3